<?xml version="1.0" encoding="UTF-8"?>
<testsuite xmlns:xsi="http://www.w3.org/2001/XMLSchema-instance" xsi:noNamespaceSchemaLocation="https://maven.apache.org/surefire/maven-surefire-plugin/xsd/surefire-test-report-3.0.xsd" version="3.0" name="br.com.facol.api_chat_ia.ApiChatIaApplicationTests" time="1.61" tests="1" errors="0" skipped="0" failures="0">
  <properties>
[...]
</properties>
  <testcase name="contextLoads" classname="br.com.facol.api_chat_ia.ApiChatIaApplicationTests" time="0.737">
    <system-out><![CDATA[20:08:58.734 [main] INFO org.springframework.test.context.support.AnnotationConfigContextLoaderUtils -- Could not detect default configuration classes for test class [br.com.facol.api_chat_ia.ApiChatIaApplicationTests]: ApiChatIaApplicationTests does not declare any static, non-private, non-final, nested classes annotated with @Configuration.
20:08:58.772 [main] INFO org.springframework.boot.test.context.SpringBootTestContextBootstrapper -- Found @SpringBootConfiguration br.com.facol.api_chat_ia.ApiChatIaApplication for test class br.com.facol.api_chat_ia.ApiChatIaApplicationTests

  .   ____          _            __ _ _
 /\\ / ___'_ __ _ _(_)_ __  __ _ \ \ \ \
( ( )\___ | '_ | '_| | '_ \/ _` | \ \ \ \
 \\/  ___)| |_)| | | | | || (_| |  ) ) ) )
  '  |____| .__|_| |_|_| |_\__, | / / / /
 =========|_|==============|___/=/_/_/_/
 :: Spring Boot ::                (v3.2.3)

2025-04-23T20:08:58.903-03:00  WARN 3419 --- [api_chat_ia] [           main] ory$DuplicateJsonObjectContextCustomizer : 

Found multiple occurrences of org.json.JSONObject on the class path:

	jar:file:/Users/alissonferreira/.m2/repository/com/vaadin/external/google/android-json/0.0.20131108.vaadin1/android-json-0.0.20131108.vaadin1.jar!/org/json/JSONObject.class
	jar:file:/Users/alissonferreira/.m2/repository/org/json/json/20231013/json-20231013.jar!/org/json/JSONObject.class

You may wish to exclude one of them to ensure predictable runtime behavior

2025-04-23T20:08:58.909-03:00  INFO 3419 --- [api_chat_ia] [           main] b.c.f.a.ApiChatIaApplicationTests        : Starting ApiChatIaApplicationTests using Java 21.0.6 with PID 3419 (started by alissonferreira in /Users/alissonferreira/projects/flutter/chatIA/api_chat_ia/api_chat_ia)
2025-04-23T20:08:58.909-03:00  INFO 3419 --- [api_chat_ia] [           main] b.c.f.a.ApiChatIaApplicationTests        : No active profile set, falling back to 1 default profile: "default"
2025-04-23T20:08:59.525-03:00  INFO 3419 --- [api_chat_ia] [           main] b.c.f.a.ApiChatIaApplicationTests        : Started ApiChatIaApplicationTests in 0.703 seconds (process running for 1.287)
]]></system-out>
    <system-err><![CDATA[WARNING: A Java agent has been loaded dynamically (/Users/alissonferreira/.m2/repository/net/bytebuddy/byte-buddy-agent/1.14.12/byte-buddy-agent-1.14.12.jar)
WARNING: If a serviceability tool is in use, please run with -XX:+EnableDynamicAgentLoading to hide this warning
WARNING: If a serviceability tool is not in use, please run with -Djdk.instrument.traceUsage for more information
WARNING: Dynamic loading of agents will be disallowed by default in a future release
]]></system-err>
  </testcase>
</testsuite>